<?xml version="1.0" encoding="UTF-8"?>
<!-- Generated by org.testng.reporters.JUnitXMLReporter -->
<testsuite ignored="0" hostname="SahilPathak-indel-11303.local" failures="0" tests="3" name="Surefire test" time="16.145" errors="0" timestamp="2022-07-26T15:50:39 IST">
  <testcase classname="PomTesting.pomTest" name="verifyPomHeaderIsDisplayed" time="1.091"/>
  <testcase classname="PomTesting.pomTest" name="pomAutomation" time="13.012"/>
  <testcase classname="PomTesting.pomTest" name="verifyThankyouMsgIsDisplayed" time="0.155"/>
</testsuite> <!-- Surefire test -->
