<?xml version="1.0" encoding="UTF-8"?>
<!-- Generated by org.testng.reporters.JUnitXMLReporter -->
<testsuite ignored="0" hostname="SahilPathak-indel-11303.local" failures="0" tests="4" name="Test1" time="6.203" errors="0" timestamp="2022-08-18T11:59:44 IST">
  <testcase classname="atAssignment.ContactUsTest" name="verifyContactUsFormIsDisplayed" time="1.323"/>
  <testcase classname="atAssignment.ContactUsTest" name="verifyContactUsIsDisplayed" time="0.036"/>
  <testcase classname="atAssignment.ContactUsTest" name="contactUsAutomation" time="2.494"/>
  <testcase classname="atAssignment.ContactUsTest" name="verifyThankyouMsgIsDisplayed" time="0.151"/>
</testsuite> <!-- Test1 -->
