<?xml version="1.0" encoding="UTF-8"?>
<!-- Generated by org.testng.reporters.JUnitXMLReporter -->
<testsuite ignored="0" hostname="SahilPathak-indel-11303.local" failures="0" tests="4" name="Test1" time="5.944" errors="0" timestamp="2022-08-04T12:38:03 IST">
  <testcase classname="atAssignment.contactUs" name="verifyContactUsFormIsDisplayed" time="0.995"/>
  <testcase classname="atAssignment.contactUs" name="verifyContactUsIsDisplayed" time="0.034"/>
  <testcase classname="atAssignment.contactUs" name="contactUsAutomation" time="2.79"/>
  <testcase classname="atAssignment.contactUs" name="verifyThankyouMsgIsDisplayed" time="0.109"/>
</testsuite> <!-- Test1 -->
