<?xml version="1.0" encoding="UTF-8"?>
<testng-results ignored="0" total="4" passed="4" failed="0" skipped="0">
  <reporter-output>
  </reporter-output>
  <suite started-at="2022-08-18T11:59:38 IST" name="Suite" finished-at="2022-08-18T11:59:44 IST" duration-ms="6203">
    <groups>
    </groups>
    <test started-at="2022-08-18T11:59:38 IST" name="Test1" finished-at="2022-08-18T11:59:44 IST" duration-ms="6203">
      <class name="atAssignment.ContactUsTest">
        <test-method is-config="true" signature="driverInitial()[pri:0, instance:atAssignment.ContactUsTest@54a7079e]" started-at="2022-08-18T11:59:35 IST" name="driverInitial" finished-at="2022-08-18T11:59:38 IST" duration-ms="2742" status="PASS">
          <reporter-output>
          </reporter-output>
        </test-method> <!-- driverInitial -->
        <test-method is-config="true" signature="setup()[pri:0, instance:atAssignment.ContactUsTest@54a7079e]" started-at="2022-08-18T11:59:38 IST" name="setup" finished-at="2022-08-18T11:59:40 IST" duration-ms="1987" status="PASS">
          <reporter-output>
          </reporter-output>
        </test-method> <!-- setup -->
        <test-method signature="verifyContactUsFormIsDisplayed()[pri:1, instance:atAssignment.ContactUsTest@54a7079e]" started-at="2022-08-18T11:59:40 IST" name="verifyContactUsFormIsDisplayed" finished-at="2022-08-18T11:59:41 IST" duration-ms="1323" status="PASS">
          <reporter-output>
          </reporter-output>
        </test-method> <!-- verifyContactUsFormIsDisplayed -->
        <test-method signature="verifyContactUsIsDisplayed()[pri:1, instance:atAssignment.ContactUsTest@54a7079e]" started-at="2022-08-18T11:59:41 IST" name="verifyContactUsIsDisplayed" finished-at="2022-08-18T11:59:41 IST" duration-ms="36" status="PASS">
          <reporter-output>
          </reporter-output>
        </test-method> <!-- verifyContactUsIsDisplayed -->
        <test-method signature="contactUsAutomation()[pri:2, instance:atAssignment.ContactUsTest@54a7079e]" started-at="2022-08-18T11:59:41 IST" name="contactUsAutomation" finished-at="2022-08-18T11:59:44 IST" duration-ms="2494" status="PASS">
          <reporter-output>
          </reporter-output>
        </test-method> <!-- contactUsAutomation -->
        <test-method signature="verifyThankyouMsgIsDisplayed()[pri:3, instance:atAssignment.ContactUsTest@54a7079e]" started-at="2022-08-18T11:59:44 IST" name="verifyThankyouMsgIsDisplayed" finished-at="2022-08-18T11:59:44 IST" duration-ms="151" status="PASS">
          <reporter-output>
          </reporter-output>
        </test-method> <!-- verifyThankyouMsgIsDisplayed -->
        <test-method is-config="true" signature="tearDownClose()[pri:0, instance:atAssignment.ContactUsTest@54a7079e]" started-at="2022-08-18T11:59:44 IST" name="tearDownClose" finished-at="2022-08-18T11:59:44 IST" duration-ms="91" status="PASS">
          <reporter-output>
          </reporter-output>
        </test-method> <!-- tearDownClose -->
        <test-method is-config="true" signature="tearDown()[pri:0, instance:atAssignment.ContactUsTest@54a7079e]" started-at="2022-08-18T11:59:44 IST" name="tearDown" finished-at="2022-08-18T11:59:44 IST" duration-ms="119" status="PASS">
          <reporter-output>
          </reporter-output>
        </test-method> <!-- tearDown -->
      </class> <!-- atAssignment.ContactUsTest -->
    </test> <!-- Test1 -->
  </suite> <!-- Suite -->
</testng-results>
