<?xml version="1.0" encoding="UTF-8"?>
<testsuite xmlns:xsi="http://www.w3.org/2001/XMLSchema-instance" xsi:noNamespaceSchemaLocation="https://maven.apache.org/surefire/maven-surefire-plugin/xsd/surefire-test-report-3.0.xsd" version="3.0" name="TestSuite" time="9.974" tests="4" errors="0" skipped="0" failures="0">
  <properties>
[...]
</properties>
  <testcase name="verifyContactUsFormIsDisplayed" classname="atAssignment.ContactUsTest" time="1.336">
    <system-out><![CDATA[parent window- CDwindow-5D70CD4C499AC5233D662B221982257F
[CDwindow-5D70CD4C499AC5233D662B221982257F, CDwindow-81C3FF3095AF1B7DB4EA64EAE7D43138]
[CDwindow-5D70CD4C499AC5233D662B221982257F, CDwindow-81C3FF3095AF1B7DB4EA64EAE7D43138]
]]></system-out>
    <system-err><![CDATA[SLF4J: Failed to load class "org.slf4j.impl.StaticLoggerBinder".
SLF4J: Defaulting to no-operation (NOP) logger implementation
SLF4J: See http://www.slf4j.org/codes.html#StaticLoggerBinder for further details.
Starting ChromeDriver 103.0.5060.53 (a1711811edd74ff1cf2150f36ffa3b0dae40b17f-refs/branch-heads/5060@{#853}) on port 57031
Only local connections are allowed.
Please see https://chromedriver.chromium.org/security-considerations for suggestions on keeping ChromeDriver safe.
ChromeDriver was started successfully.
[1660804177.906][WARNING]: This version of ChromeDriver has not been tested with Chrome version 104.
Aug 18, 2022 11:59:38 AM org.openqa.selenium.remote.ProtocolHandshake createSession
INFO: Detected upstream dialect: W3C
Aug 18, 2022 11:59:38 AM org.openqa.selenium.devtools.CdpVersionFinder findNearestMatch
WARNING: Unable to find an exact match for CDP version 104, so returning the closest version found: 103
Aug 18, 2022 11:59:38 AM org.openqa.selenium.devtools.CdpVersionFinder findNearestMatch
INFO: Found CDP implementation for version 104 of 103
]]></system-err>
  </testcase>
  <testcase name="verifyContactUsIsDisplayed" classname="atAssignment.ContactUsTest" time="0.024"/>
  <testcase name="contactUsAutomation" classname="atAssignment.ContactUsTest" time="2.494"/>
  <testcase name="verifyThankyouMsgIsDisplayed" classname="atAssignment.ContactUsTest" time="0.153"/>
</testsuite>